<?xml version="1.0" encoding="UTF-8"?>
<testng-results skipped="0" failed="0" total="1" passed="1">
  <reporter-output>
  </reporter-output>
  <suite name="Default suite" duration-ms="9822" started-at="2019-05-09T17:13:28Z" finished-at="2019-05-09T17:13:38Z">
    <groups>
    </groups>
    <test name="Default test" duration-ms="9822" started-at="2019-05-09T17:13:28Z" finished-at="2019-05-09T17:13:38Z">
      <class name="Extentreport.extentDemo">
        <test-method status="PASS" signature="setExtent()[pri:0, instance:Extentreport.extentDemo@3632be31]" name="setExtent" is-config="true" duration-ms="149" started-at="2019-05-09T22:43:28Z" finished-at="2019-05-09T22:43:28Z">
          <reporter-output>
          </reporter-output>
        </test-method> <!-- setExtent -->
        <test-method status="PASS" signature="setUp()[pri:0, instance:Extentreport.extentDemo@3632be31]" name="setUp" is-config="true" duration-ms="9017" started-at="2019-05-09T22:43:28Z" finished-at="2019-05-09T22:43:37Z">
          <reporter-output>
          </reporter-output>
        </test-method> <!-- setUp -->
        <test-method status="PASS" signature="titleTest()[pri:0, instance:Extentreport.extentDemo@3632be31]" name="titleTest" duration-ms="409" started-at="2019-05-09T22:43:37Z" finished-at="2019-05-09T22:43:37Z">
          <reporter-output>
          </reporter-output>
        </test-method> <!-- titleTest -->
        <test-method status="PASS" signature="endReport()[pri:0, instance:Extentreport.extentDemo@3632be31]" name="endReport" is-config="true" duration-ms="236" started-at="2019-05-09T22:43:37Z" finished-at="2019-05-09T22:43:38Z">
          <reporter-output>
          </reporter-output>
        </test-method> <!-- endReport -->
      </class> <!-- Extentreport.extentDemo -->
    </test> <!-- Default test -->
  </suite> <!-- Default suite -->
</testng-results>
