<?xml version="1.0" encoding="UTF-8"?>
<testng-results skipped="0" failed="0" total="1" passed="1">
  <reporter-output>
  </reporter-output>
  <suite name="Default suite" duration-ms="10410" started-at="2019-05-13T23:49:05Z" finished-at="2019-05-13T23:49:15Z">
    <groups>
    </groups>
    <test name="Default test" duration-ms="10410" started-at="2019-05-13T23:49:05Z" finished-at="2019-05-13T23:49:15Z">
      <class name="Extentreport.extentDemo">
        <test-method status="PASS" signature="setExtent()[pri:0, instance:Extentreport.extentDemo@3632be31]" name="setExtent" is-config="true" duration-ms="207" started-at="2019-05-14T05:19:05Z" finished-at="2019-05-14T05:19:05Z">
          <reporter-output>
          </reporter-output>
        </test-method> <!-- setExtent -->
        <test-method status="PASS" signature="setUp()[pri:0, instance:Extentreport.extentDemo@3632be31]" name="setUp" is-config="true" duration-ms="9499" started-at="2019-05-14T05:19:05Z" finished-at="2019-05-14T05:19:14Z">
          <reporter-output>
          </reporter-output>
        </test-method> <!-- setUp -->
        <test-method status="PASS" signature="titleTest()[pri:0, instance:Extentreport.extentDemo@3632be31]" name="titleTest" duration-ms="466" started-at="2019-05-14T05:19:14Z" finished-at="2019-05-14T05:19:15Z">
          <reporter-output>
          </reporter-output>
        </test-method> <!-- titleTest -->
        <test-method status="PASS" signature="endReport()[pri:0, instance:Extentreport.extentDemo@3632be31]" name="endReport" is-config="true" duration-ms="226" started-at="2019-05-14T05:19:15Z" finished-at="2019-05-14T05:19:15Z">
          <reporter-output>
          </reporter-output>
        </test-method> <!-- endReport -->
      </class> <!-- Extentreport.extentDemo -->
    </test> <!-- Default test -->
  </suite> <!-- Default suite -->
</testng-results>
