<?xml version="1.0" encoding="UTF-8"?>
<!-- Generated by org.testng.reporters.JUnitXMLReporter -->
<testsuite hostname="admin-PC" name="Logintest" tests="1" failures="1" timestamp="19 May 2019 10:29:13 GMT" time="0.03" errors="0">
  <testcase name="loginTest" time="0.011" classname="com.testscripts.TC_1">
    <failure type="java.lang.NullPointerException">
      <![CDATA[java.lang.NullPointerException
	at com.OHRM.lib.General.setUp(General.java:13)
	at com.testscripts.TC_1.loginTest(TC_1.java:12)
... Removed 25 stack frames]]>
    </failure>
  </testcase> <!-- loginTest -->
</testsuite> <!-- Logintest -->
