<?xml version="1.0" encoding="UTF-8"?>
<testng-results skipped="0" failed="0" total="1" passed="1">
  <reporter-output>
  </reporter-output>
  <suite name="Default suite" duration-ms="38732" started-at="2019-05-07T16:31:17Z" finished-at="2019-05-07T16:31:55Z">
    <groups>
    </groups>
    <test name="Default test" duration-ms="38732" started-at="2019-05-07T16:31:17Z" finished-at="2019-05-07T16:31:55Z">
      <class name="Logger.Log4j1">
        <test-method status="PASS" signature="demoTest()[pri:0, instance:Logger.Log4j1@1b604f19]" name="demoTest" duration-ms="38720" started-at="2019-05-07T22:01:17Z" finished-at="2019-05-07T22:01:55Z">
          <reporter-output>
          </reporter-output>
        </test-method> <!-- demoTest -->
      </class> <!-- Logger.Log4j1 -->
    </test> <!-- Default test -->
  </suite> <!-- Default suite -->
</testng-results>
