<?xml version="1.0" encoding="UTF-8"?>
<testng-results skipped="0" failed="0" total="1" passed="1">
  <reporter-output>
  </reporter-output>
  <suite name="Default suite" duration-ms="9369" started-at="2019-05-13T01:28:22Z" finished-at="2019-05-13T01:28:31Z">
    <groups>
    </groups>
    <test name="Default test" duration-ms="9369" started-at="2019-05-13T01:28:22Z" finished-at="2019-05-13T01:28:31Z">
      <class name="com.program.firstclass">
        <test-method status="PASS" signature="demoTest()[pri:0, instance:com.program.firstclass@5c7fa833]" name="demoTest" duration-ms="9356" started-at="2019-05-13T06:58:22Z" finished-at="2019-05-13T06:58:31Z">
          <reporter-output>
          </reporter-output>
        </test-method> <!-- demoTest -->
      </class> <!-- com.program.firstclass -->
    </test> <!-- Default test -->
  </suite> <!-- Default suite -->
</testng-results>
