<?xml version="1.0" encoding="UTF-8"?>
<testng-results skipped="0" failed="0" total="1" passed="1">
  <reporter-output>
  </reporter-output>
  <suite name="Default suite" duration-ms="5916" started-at="2019-05-23T01:15:47Z" finished-at="2019-05-23T01:15:53Z">
    <groups>
    </groups>
    <test name="Default test" duration-ms="5916" started-at="2019-05-23T01:15:47Z" finished-at="2019-05-23T01:15:53Z">
      <class name="demopackage.NewClass1">
        <test-method status="PASS" signature="myMethod()[pri:0, instance:demopackage.NewClass1@3a5ed7a6]" name="myMethod" duration-ms="5900" started-at="2019-05-23T06:45:47Z" finished-at="2019-05-23T06:45:53Z">
          <reporter-output>
          </reporter-output>
        </test-method> <!-- myMethod -->
      </class> <!-- demopackage.NewClass1 -->
    </test> <!-- Default test -->
  </suite> <!-- Default suite -->
</testng-results>
