<?xml version="1.0" encoding="UTF-8"?>
<testng-results skipped="0" failed="0" total="1" passed="1">
  <reporter-output>
  </reporter-output>
  <suite name="Default suite" duration-ms="11300" started-at="2019-05-09T01:47:09Z" finished-at="2019-05-09T01:47:21Z">
    <groups>
    </groups>
    <test name="Default test" duration-ms="11300" started-at="2019-05-09T01:47:09Z" finished-at="2019-05-09T01:47:21Z">
      <class name="mavens.mavenTestNG$TestMvn">
        <test-method status="PASS" signature="sampleTest()[pri:0, instance:mavens.mavenTestNG$TestMvn@1593948d]" name="sampleTest" duration-ms="11285" started-at="2019-05-09T07:17:09Z" finished-at="2019-05-09T07:17:21Z">
          <reporter-output>
          </reporter-output>
        </test-method> <!-- sampleTest -->
      </class> <!-- mavens.mavenTestNG$TestMvn -->
    </test> <!-- Default test -->
  </suite> <!-- Default suite -->
</testng-results>
