<?xml version="1.0" encoding="UTF-8"?>
<testng-results skipped="0" failed="0" total="1" passed="1">
  <reporter-output>
  </reporter-output>
  <suite name="Default suite" duration-ms="7851" started-at="2019-05-11T13:42:18Z" finished-at="2019-05-11T13:42:26Z">
    <groups>
    </groups>
    <test name="Default test" duration-ms="7851" started-at="2019-05-11T13:42:18Z" finished-at="2019-05-11T13:42:26Z">
      <class name="com.validation.LoginValidation">
        <test-method status="PASS" signature="setUp()[pri:0, instance:com.validation.LoginValidation@55d56113]" name="setUp" is-config="true" duration-ms="5948" started-at="2019-05-11T19:12:18Z" finished-at="2019-05-11T19:12:24Z">
          <reporter-output>
          </reporter-output>
        </test-method> <!-- setUp -->
        <test-method status="PASS" signature="logIn()[pri:0, instance:com.validation.LoginValidation@55d56113]" name="logIn" duration-ms="1894" started-at="2019-05-11T19:12:24Z" finished-at="2019-05-11T19:12:26Z">
          <reporter-output>
          </reporter-output>
        </test-method> <!-- logIn -->
      </class> <!-- com.validation.LoginValidation -->
    </test> <!-- Default test -->
  </suite> <!-- Default suite -->
</testng-results>
