<?xml version="1.0" encoding="UTF-8"?>
<!-- Generated by org.testng.reporters.JUnitXMLReporter -->
<testsuite hostname="admin-PC" name="Test" tests="4" failures="0" timestamp="16 May 2019 01:28:24 GMT" time="0.034" errors="0">
  <testcase name="aaunch1" time="0.004" classname="com.testngset.testngprog1"/>
  <testcase name="baunch" time="0.001" classname="com.testngset.testngprog1"/>
  <testcase name="dlaunch" time="0.001" classname="com.testngset.testngprog1"/>
  <testcase name="claunch" time="0.001" classname="com.testngset.testngprog1"/>
</testsuite> <!-- Test -->
